2024-05-26 20:19:28,050 - rag_logger - INFO - get_response_params: query_content='请简述细菌的群体形态' app_name='wisdomentor'
2024-05-26 20:19:28,052 - urllib3.connectionpool - DEBUG - Starting new HTTP connection (1): localhost:10000
2024-05-26 20:19:30,392 - urllib3.connectionpool - DEBUG - http://localhost:10000 "POST /get_embedding HTTP/1.1" 200 21722
2024-05-26 20:19:30,393 - rag_logger - INFO - web_contents: []
2024-05-26 20:19:30,394 - urllib3.connectionpool - DEBUG - Starting new HTTP connection (1): localhost:10001
2024-05-26 20:19:30,584 - urllib3.connectionpool - DEBUG - http://localhost:10001 "POST /ann/search HTTP/1.1" 200 9406
2024-05-26 20:19:30,585 - urllib3.connectionpool - DEBUG - Starting new HTTP connection (1): localhost:10002
2024-05-26 20:19:35,201 - urllib3.connectionpool - DEBUG - http://localhost:10002 "POST /bge_normal_rerank HTTP/1.1" 200 9412
2024-05-26 20:19:35,202 - rag_logger - INFO - repo_contents: 在绿色硫细菌中有一属称为Pelodictyon(暗网菌属)的细菌，它在生长过程中，大部分细胞进行二等分分裂繁殖，少部分细胞进行成对的“一对三”分裂(即三分裂)，形成一对Y形细胞，随后仍进行二等分分裂繁殖，结果是形成了特殊的网眼状菌丝体。
3. 复分裂
寄生的蛭弧菌的小型弧状细菌为复分裂繁殖：当它在宿主体内生长时，形成盘曲的长细胞，然后细胞多处同时发生均等长度的分裂，形成多个弧形子细胞。
(二)芽殖
芽殖是指在母细胞表面(尤其是在其一端)先形成一个小突起，待其长大到与母细胞相仿后再相互分离并独立生活的一种繁殖方式。如芽生杆菌属(Blastobacter)的细菌。
四、细菌的群体形态
细菌的群体形态是指大量的细菌在不同的培养基上表现出的形态。采用的培养基不同，所能见到的群体形态也不一样。
(一)在固体培养基上的形态

将单个细菌细胞或少量同种细菌接种在固体培养基的表面，当它占有一定的发展空间并处于适宜的培养条件时，该细菌就迅速生长繁殖。结果会形成以母细胞为中心肉眼可见的，并有一定形态、构造的子细胞集团，这就是菌落(colony)。如果菌落是由一个单细胞发展而来的，则它就是一个纯种细胞群或克隆(clone)。如果将某一纯种的大量细胞密集地接种到固体培养基表面，结果长成的“菌落”相互连接成一片，这就是菌苔。
描述菌落特征时须选择稀疏、孤立的菌落，其项目包括大小、形状、边缘情况、隆起形状、表面状态、质地、颜色和透明度等。多数细菌菌落呈圆形，小而薄，表面光滑、湿润、较 黏稠，半透明，颜色多样，色泽一致，质地均匀，易挑取，常有臭味。这些特征可与其他微生物菌落相区别。

一般细菌的菌落特征为湿润、光滑、较透明、较黏稠、易挑取、质地均匀，菌落正、反面或边缘与中央的颜色一致。当然，不同形态、不同生理类型的细菌，其菌落形态、构造也有许多明显的不同。例如：无鞭毛、不能运动的细菌尤其是球菌通常都形成较小、较厚、边缘圆整的半球状菌落；长有鞭毛、有运动能力的细菌一般形成大而平坦、边缘多呈锯齿状、不规则的菌落；有糖被的细菌，会出现较大、透明、蛋清状的菌落；有芽孢的细菌常形成外观粗糙而“干燥”、不透明且表面多褶的菌落。
(二)在半固体培养基上的形态

三、细菌的繁殖
细菌一般进行无性繁殖，表现为细胞的横分裂，称为裂殖。绝大多数类群在分裂时产生大小相等、形态相似的两个子细胞，称同形裂殖。但有少数细菌在陈旧培养基中却分裂成两个大小不等的子细胞，称为异形裂殖。
细菌二分裂的过程：首先从核区染色体DNA的复制开始，形成新的双链，随着细胞的生长，每条DNA各形成一个核区，同时在细胞赤道附近的细胞膜由外向中心作环状推进，然后闭合在两核区之间产生横隔膜，使细胞质分开。进而细胞壁也向内逐渐伸展，把细胞膜分成两层，每一层分别形成子细胞膜。接着横隔壁亦分成两层，并形成两个子细胞壁，最后分裂为两个独立的子细胞。
少数细菌以其他方式进行繁殖。例如：柄细菌的不等二分裂，形成一个有柄细胞和一个极生单鞭毛的细胞；生丝微菌等进行出芽繁殖。近年来通过电子显微镜的观察和遗传学的研究，发现在沙门氏菌属等细菌中还存在频率较低的有性接合。

不同细菌的菌落也具有自己的特有特征，对于产鞭毛、荚膜和芽孢的种类尤为明显。例 如，对于无鞭毛、不能运动的细菌尤其是各种球菌来说，随着菌落中个体数目的剧增，只能依靠“硬挤”的方式来扩大菌落的体积和面积，因而就形成了较小、较厚及边缘极其圆整的菌落。对于长有鞭毛的细菌来说，菌落大而扁平、形态不规则、边缘多呈锯齿状，运动能力强的细菌还会出现树根状，甚至出现能移动的菌落。有荚膜的细菌，菌落往往十分光滑，并呈透明的蛋清状，形状较大。产芽孢的细菌，因其芽孢引起的折光率变化而使菌落的外形变得很不透明或有“干燥”之感，并因其细胞分裂后常呈链状而引起菌落表面粗糙、有褶皱感，再加上它们一般都有周生鞭毛，因此产生了既粗糙、多褶、不透明，又有外形及边缘不规则特征的独特菌落。

细菌在比较适合的环境条件下，本身的连续生物合成和平衡生长，使得细胞的体积、重量也不断增加，随之也导致了繁殖，目前发现，细菌的繁殖方式主要是裂殖，只有少数的细菌种类是芽殖。
(一) 裂殖
裂殖是指一个细胞通过分裂而形成两个细胞的过程。针对具体的细菌类型还可分为三种形式。
1.二分裂
典型的二分裂是一种对称的二等分裂方式，即一个细胞在其对称中心形成一隔膜，进而分裂成两个形态、大小和构造完全相同的子细胞。大多数细菌类型采用这种方式繁殖。但有少数细菌采用不等二分裂的繁殖方式，结果产生了两个结构和外形有明显区别的子细胞，例如柄杆菌属(Caulobacter)细菌，通过此方式产生一个有柄、不运动的子细胞和另一个无柄、有鞭毛能运动的子细胞。
2. 三分裂

由于纯种细菌在半固体培养基上有特殊的培养性状，因此常被用来进行菌种鉴定。方法是将培养基灌注在试管中，形成高层直立柱，然后用穿刺接种法接入实验菌种，观察它在培养基中的生长特征。如用明胶半固体培养基做实验，可根据明胶柱液化层中呈现的不同形状来判断某细菌是否有蛋白酶产生。此外还可以根据立柱表面和穿刺线上细菌的生长状态和是否有扩散现象来判断它的运动能力和其他特征。
(三)在液体培养基上(内)的形态
在液体环境中生长，细菌的细胞特征、比重、运动能力和氧气等因素都会影响其形态，常出现混浊、沉淀，一些好氧细菌则在液面上大量生长，形成特征性的厚薄有差异的菌酸，或出现环状、小片状不连续的菌膜。
五、细菌的主要类型
依据现有的研究，细菌的主要类型可进一步分为以下几种(类型和各属特征主要按《伯杰氏系统细菌学手册(第1版)》(1984—1989)划分)(该版是《伯杰氏鉴定细菌学手册(第9版)》 的重要依据)。

2.螺旋状或弧状的革兰氏阴性细菌
这类细菌的细胞呈螺旋状或弧状，螺旋圈数为1到多圈。具有典型的细菌鞭毛，营化能有机营养，大多数的种不能利用糖类，有的种可以在含有H₂、CO₂和O₂的混合气体中自养生长，有的可在微氧条件下固氮。螺旋状细菌现在已包括九个属：螺菌属(Spirillum)、水螺菌属 (Aquaspirillum)、海洋螺菌属(Oceanospirillum)、固氮螺菌属(Azospirillum)、草螺菌属 (Herbaspirillum)、弯曲杆菌属(Campylobacter)、螺杆菌属(Helicobacter)、蛭弧菌属(Bdellovibrio)、螺状菌属(Spirosoma)。蛭弧菌属中有一类特别的细菌，称为蛭弧菌，它们可以寄生在另外一些菌体上，利用寄主的细胞质组分作为营养进行生长发育，也可无寄主而生存。
3.革兰氏阴性杆菌和球菌

( 一 )革兰氏阴性细菌
革兰氏阴性细菌是原核生物中种类最多的一大类细菌。细胞形态和排列方式简单，繁殖方式为横向二分分裂，运动的种以自由游动方式进行，营化能有机营养，其生长主要为异养方式，有些种在H₂的环境中可以自养生长。多数为腐生菌，有些为寄生菌。寄生菌中有的是条件致病菌，有的为高度致病菌。其生态分布相当广泛，如分布于水中、土壤、动植物体及人体。革兰氏阴性细菌中的许多种在工业、农业、环境保护、医学上具有重要的应用价值。重要的属种介绍如下。
1.螺旋体


螺旋体菌体细长、弯曲，呈螺旋状，其大小为(0.1～3)μm×(5～250)μm 。这类细菌以前曾被误认为是介于原生动物和细菌之间的一类微生物，其理由是未发现螺旋体的细胞壁。现已证实螺旋体细胞的主体仍然是由细胞质和核区组成，而细胞的外围则裹以细胞膜和细胞壁，形成原生质柱。在螺旋状的原生质柱外缠绕着周质鞭毛(periplasmic flagella)，也称轴丝，轴丝与原生质柱再由3层膜包围，称为外鞘(图2-27)。每个细胞具有2～100条或以上的周质鞭毛，使菌体在液体环境中可游动或沿纵轴旋转和屈曲运动。在固体基质上可爬行或蠕动。根据形态、生理特性、致病性和生态环境，螺旋体分为六个属：脊螺旋体属(Cristispira) 、 螺旋体属(Spirochaeta) 、密螺旋体属 (Treponema)、疏螺旋体属(Borrelia)、钩端螺旋体属(Leptospira)、纤线菌属(Leptospira)。螺旋体在系统发育上形成一个独特的细菌系。
2024-05-26 20:19:35,202 - rag_logger - INFO - prompt_original: 在绿色硫细菌中有一属称为Pelodictyon(暗网菌属)的细菌，它在生长过程中，大部分细胞进行二等分分裂繁殖，少部分细胞进行成对的“一对三”分裂(即三分裂)，形成一对Y形细胞，随后仍进行二等分分裂繁殖，结果是形成了特殊的网眼状菌丝体。
3. 复分裂
寄生的蛭弧菌的小型弧状细菌为复分裂繁殖：当它在宿主体内生长时，形成盘曲的长细胞，然后细胞多处同时发生均等长度的分裂，形成多个弧形子细胞。
(二)芽殖
芽殖是指在母细胞表面(尤其是在其一端)先形成一个小突起，待其长大到与母细胞相仿后再相互分离并独立生活的一种繁殖方式。如芽生杆菌属(Blastobacter)的细菌。
四、细菌的群体形态
细菌的群体形态是指大量的细菌在不同的培养基上表现出的形态。采用的培养基不同，所能见到的群体形态也不一样。
(一)在固体培养基上的形态
将单个细菌细胞或少量同种细菌接种在固体培养基的表面，当它占有一定的发展空间并处于适宜的培养条件时，该细菌就迅速生长繁殖。结果会形成以母细胞为中心肉眼可见的，并有一定形态、构造的子细胞集团，这就是菌落(colony)。如果菌落是由一个单细胞发展而来的，则它就是一个纯种细胞群或克隆(clone)。如果将某一纯种的大量细胞密集地接种到固体培养基表面，结果长成的“菌落”相互连接成一片，这就是菌苔。
描述菌落特征时须选择稀疏、孤立的菌落，其项目包括大小、形状、边缘情况、隆起形状、表面状态、质地、颜色和透明度等。多数细菌菌落呈圆形，小而薄，表面光滑、湿润、较 黏稠，半透明，颜色多样，色泽一致，质地均匀，易挑取，常有臭味。这些特征可与其他微生物菌落相区别。
一般细菌的菌落特征为湿润、光滑、较透明、较黏稠、易挑取、质地均匀，菌落正、反面或边缘与中央的颜色一致。当然，不同形态、不同生理类型的细菌，其菌落形态、构造也有许多明显的不同。例如：无鞭毛、不能运动的细菌尤其是球菌通常都形成较小、较厚、边缘圆整的半球状菌落；长有鞭毛、有运动能力的细菌一般形成大而平坦、边缘多呈锯齿状、不规则的菌落；有糖被的细菌，会出现较大、透明、蛋清状的菌落；有芽孢的细菌常形成外观粗糙而“干燥”、不透明且表面多褶的菌落。
(二)在半固体培养基上的形态
三、细菌的繁殖
细菌一般进行无性繁殖，表现为细胞的横分裂，称为裂殖。绝大多数类群在分裂时产生大小相等、形态相似的两个子细胞，称同形裂殖。但有少数细菌在陈旧培养基中却分裂成两个大小不等的子细胞，称为异形裂殖。
细菌二分裂的过程：首先从核区染色体DNA的复制开始，形成新的双链，随着细胞的生长，每条DNA各形成一个核区，同时在细胞赤道附近的细胞膜由外向中心作环状推进，然后闭合在两核区之间产生横隔膜，使细胞质分开。进而细胞壁也向内逐渐伸展，把细胞膜分成两层，每一层分别形成子细胞膜。接着横隔壁亦分成两层，并形成两个子细胞壁，最后分裂为两个独立的子细胞。
少数细菌以其他方式进行繁殖。例如：柄细菌的不等二分裂，形成一个有柄细胞和一个极生单鞭毛的细胞；生丝微菌等进行出芽繁殖。近年来通过电子显微镜的观察和遗传学的研究，发现在沙门氏菌属等细菌中还存在频率较低的有性接合。
不同细菌的菌落也具有自己的特有特征，对于产鞭毛、荚膜和芽孢的种类尤为明显。例 如，对于无鞭毛、不能运动的细菌尤其是各种球菌来说，随着菌落中个体数目的剧增，只能依靠“硬挤”的方式来扩大菌落的体积和面积，因而就形成了较小、较厚及边缘极其圆整的菌落。对于长有鞭毛的细菌来说，菌落大而扁平、形态不规则、边缘多呈锯齿状，运动能力强的细菌还会出现树根状，甚至出现能移动的菌落。有荚膜的细菌，菌落往往十分光滑，并呈透明的蛋清状，形状较大。产芽孢的细菌，因其芽孢引起的折光率变化而使菌落的外形变得很不透明或有“干燥”之感，并因其细胞分裂后常呈链状而引起菌落表面粗糙、有褶皱感，再加上它们一般都有周生鞭毛，因此产生了既粗糙、多褶、不透明，又有外形及边缘不规则特征的独特菌落。
细菌在比较适合的环境条件下，本身的连续生物合成和平衡生长，使得细胞的体积、重量也不断增加，随之也导致了繁殖，目前发现，细菌的繁殖方式主要是裂殖，只有少数的细菌种类是芽殖。
(一) 裂殖
裂殖是指一个细胞通过分裂而形成两个细胞的过程。针对具体的细菌类型还可分为三种形式。
1.二分裂
典型的二分裂是一种对称的二等分裂方式，即一个细胞在其对称中心形成一隔膜，进而分裂成两个形态、大小和构造完全相同的子细胞。大多数细菌类型采用这种方式繁殖。但有少数细菌采用不等二分裂的繁殖方式，结果产生了两个结构和外形有明显区别的子细胞，例如柄杆菌属(Caulobacter)细菌，通过此方式产生一个有柄、不运动的子细胞和另一个无柄、有鞭毛能运动的子细胞。
2. 三分裂
由于纯种细菌在半固体培养基上有特殊的培养性状，因此常被用来进行菌种鉴定。方法是将培养基灌注在试管中，形成高层直立柱，然后用穿刺接种法接入实验菌种，观察它在培养基中的生长特征。如用明胶半固体培养基做实验，可根据明胶柱液化层中呈现的不同形状来判断某细菌是否有蛋白酶产生。此外还可以根据立柱表面和穿刺线上细菌的生长状态和是否有扩散现象来判断它的运动能力和其他特征。
(三)在液体培养基上(内)的形态
在液体环境中生长，细菌的细胞特征、比重、运动能力和氧气等因素都会影响其形态，常出现混浊、沉淀，一些好氧细菌则在液面上大量生长，形成特征性的厚薄有差异的菌酸，或出现环状、小片状不连续的菌膜。
五、细菌的主要类型
依据现有的研究，细菌的主要类型可进一步分为以下几种(类型和各属特征主要按《伯杰氏系统细菌学手册(第1版)》(1984—1989)划分)(该版是《伯杰氏鉴定细菌学手册(第9版)》 的重要依据)。
2.螺旋状或弧状的革兰氏阴性细菌
这类细菌的细胞呈螺旋状或弧状，螺旋圈数为1到多圈。具有典型的细菌鞭毛，营化能有机营养，大多数的种不能利用糖类，有的种可以在含有H₂、CO₂和O₂的混合气体中自养生长，有的可在微氧条件下固氮。螺旋状细菌现在已包括九个属：螺菌属(Spirillum)、水螺菌属 (Aquaspirillum)、海洋螺菌属(Oceanospirillum)、固氮螺菌属(Azospirillum)、草螺菌属 (Herbaspirillum)、弯曲杆菌属(Campylobacter)、螺杆菌属(Helicobacter)、蛭弧菌属(Bdellovibrio)、螺状菌属(Spirosoma)。蛭弧菌属中有一类特别的细菌，称为蛭弧菌，它们可以寄生在另外一些菌体上，利用寄主的细胞质组分作为营养进行生长发育，也可无寄主而生存。
3.革兰氏阴性杆菌和球菌
( 一 )革兰氏阴性细菌
革兰氏阴性细菌是原核生物中种类最多的一大类细菌。细胞形态和排列方式简单，繁殖方式为横向二分分裂，运动的种以自由游动方式进行，营化能有机营养，其生长主要为异养方式，有些种在H₂的环境中可以自养生长。多数为腐生菌，有些为寄生菌。寄生菌中有的是条件致病菌，有的为高度致病菌。其生态分布相当广泛，如分布于水中、土壤、动植物体及人体。革兰氏阴性细菌中的许多种在工业、农业、环境保护、医学上具有重要的应用价值。重要的属种介绍如下。
1.螺旋体

螺旋体菌体细长、弯曲，呈螺旋状，其大小为(0.1～3)μm×(5～250)μm 。这类细菌以前曾被误认为是介于原生动物和细菌之间的一类微生物，其理由是未发现螺旋体的细胞壁。现已证实螺旋体细胞的主体仍然是由细胞质和核区组成，而细胞的外围则裹以细胞膜和细胞壁，形成原生质柱。在螺旋状的原生质柱外缠绕着周质鞭毛(periplasmic flagella)，也称轴丝，轴丝与原生质柱再由3层膜包围，称为外鞘(图2-27)。每个细胞具有2～100条或以上的周质鞭毛，使菌体在液体环境中可游动或沿纵轴旋转和屈曲运动。在固体基质上可爬行或蠕动。根据形态、生理特性、致病性和生态环境，螺旋体分为六个属：脊螺旋体属(Cristispira) 、 螺旋体属(Spirochaeta) 、密螺旋体属 (Treponema)、疏螺旋体属(Borrelia)、钩端螺旋体属(Leptospira)、纤线菌属(Leptospira)。螺旋体在系统发育上形成一个独特的细菌系。
以上是有关于问题的参考资料，请根据上面的资料回答问题：请简述细菌的群体形态
2024-05-26 20:19:35,202 - rag_logger - INFO - prompt_zipped: 在绿色硫细菌中有一属称为Pelodictyon(暗网菌属)的细菌，它在生长过程中，大部分细胞进行二等分分裂繁殖，少部分细胞进行成对的“一对三”分裂(即三分裂)，形成一对Y形细胞，随后仍进行二等分分裂繁殖，结果是形成了特殊的网眼状菌丝体。
3. 复分裂
寄生的蛭弧菌的小型弧状细菌为复分裂繁殖：当它在宿主体内生长时，形成盘曲的长细胞，然后细胞多处同时发生均等长度的分裂，形成多个弧形子细胞。
(二)芽殖
芽殖是指在母细胞表面(尤其是在其一端)先形成一个小突起，待其长大到与母细胞相仿后再相互分离并独立生活的一种繁殖方式。如芽生杆菌属(Blastobacter)的细菌。
四、细菌的群体形态
细菌的群体形态是指大量的细菌在不同的培养基上表现出的形态。采用的培养基不同，所能见到的群体形态也不一样。
(一)在固体培养基上的形态
将单个细菌细胞或少量同种细菌接种在固体培养基的表面，当它占有一定的发展空间并处于适宜的培养条件时，该细菌就迅速生长繁殖。结果会形成以母细胞为中心肉眼可见的，并有一定形态、构造的子细胞集团，这就是菌落(colony)。如果菌落是由一个单细胞发展而来的，则它就是一个纯种细胞群或克隆(clone)。如果将某一纯种的大量细胞密集地接种到固体培养基表面，结果长成的“菌落”相互连接成一片，这就是菌苔。
描述菌落特征时须选择稀疏、孤立的菌落，其项目包括大小、形状、边缘情况、隆起形状、表面状态、质地、颜色和透明度等。多数细菌菌落呈圆形，小而薄，表面光滑、湿润、较 黏稠，半透明，颜色多样，色泽一致，质地均匀，易挑取，常有臭味。这些特征可与其他微生物菌落相区别。
一般细菌的菌落特征为湿润、光滑、较透明、较黏稠、易挑取、质地均匀，菌落正、反面或边缘与中央的颜色一致。当然，不同形态、不同生理类型的细菌，其菌落形态、构造也有许多明显的不同。例如：无鞭毛、不能运动的细菌尤其是球菌通常都形成较小、较厚、边缘圆整的半球状菌落；长有鞭毛、有运动能力的细菌一般形成大而平坦、边缘多呈锯齿状、不规则的菌落；有糖被的细菌，会出现较大、透明、蛋清状的菌落；有芽孢的细菌常形成外观粗糙而“干燥”、不透明且表面多褶的菌落。
(二)在半固体培养基上的形态
三、细菌的繁殖
细菌一般进行无性繁殖，表现为细胞的横分裂，称为裂殖。绝大多数类群在分裂时产生大小相等、形态相似的两个子细胞，称同形裂殖。但有少数细菌在陈旧培养基中却分裂成两个大小不等的子细胞，称为异形裂殖。
细菌二分裂的过程：首先从核区染色体DNA的复制开始，形成新的双链，随着细胞的生长，每条DNA各形成一个核区，同时在细胞赤道附近的细胞膜由外向中心作环状推进，然后闭合在两核区之间产生横隔膜，使细胞质分开。进而细胞壁也向内逐渐伸展，把细胞膜分成两层，每一层分别形成子细胞膜。接着横隔壁亦分成两层，并形成两个子细胞壁，最后分裂为两个独立的子细胞。
少数细菌以其他方式进行繁殖。例如：柄细菌的不等二分裂，形成一个有柄细胞和一个极生单鞭毛的细胞；生丝微菌等进行出芽繁殖。近年来通过电子显微镜的观察和遗传学的研究，发现在沙门氏菌属等细菌中还存在频率较低的有性接合。
不同细菌的菌落也具有自己的特有特征，对于产鞭毛、荚膜和芽孢的种类尤为明显。例 如，对于无鞭毛、不能运动的细菌尤其是各种球菌来说，随着菌落中个体数目的剧增，只能依靠“硬挤”的方式来扩大菌落的体积和面积，因而就形成了较小、较厚及边缘极其圆整的菌落。对于长有鞭毛的细菌来说，菌落大而扁平、形态不规则、边缘多呈锯齿状，运动能力强的细菌还会出现树根状，甚至出现能移动的菌落。有荚膜的细菌，菌落往往十分光滑，并呈透明的蛋清状，形状较大。产芽孢的细菌，因其芽孢引起的折光率变化而使菌落的外形变得很不透明或有“干燥”之感，并因其细胞分裂后常呈链状而引起菌落表面粗糙、有褶皱感，再加上它们一般都有周生鞭毛，因此产生了既粗糙、多褶、不透明，又有外形及边缘不规则特征的独特菌落。
细菌在比较适合的环境条件下，本身的连续生物合成和平衡生长，使得细胞的体积、重量也不断增加，随之也导致了繁殖，目前发现，细菌的繁殖方式主要是裂殖，只有少数的细菌种类是芽殖。
(一) 裂殖
裂殖是指一个细胞通过分裂而形成两个细胞的过程。针对具体的细菌类型还可分为三种形式。
1.二分裂
典型的二分裂是一种对称的二等分裂方式，即一个细胞在其对称中心形成一隔膜，进而分裂成两个形态、大小和构造完全相同的子细胞。大多数细菌类型采用这种方式繁殖。但有少数细菌采用不等二分裂的繁殖方式，结果产生了两个结构和外形有明显区别的子细胞，例如柄杆菌属(Caulobacter)细菌，通过此方式产生一个有柄、不运动的子细胞和另一个无柄、有鞭毛能运动的子细胞。
2. 三分裂
由于纯种细菌在半固体培养基上有特殊的培养性状，因此常被用来进行菌种鉴定。方法是将培养基灌注在试管中，形成高层直立柱，然后用穿刺接种法接入实验菌种，观察它在培养基中的生长特征。如用明胶半固体培养基做实验，可根据明胶柱液化层中呈现的不同形状来判断某细菌是否有蛋白酶产生。此外还可以根据立柱表面和穿刺线上细菌的生长状态和是否有扩散现象来判断它的运动能力和其他特征。
(三)在液体培养基上(内)的形态
在液体环境中生长，细菌的细胞特征、比重、运动能力和氧气等因素都会影响其形态，常出现混浊、沉淀，一些好氧细菌则在液面上大量生长，形成特征性的厚薄有差异的菌酸，或出现环状、小片状不连续的菌膜。
五、细菌的主要类型
依据现有的研究，细菌的主要类型可进一步分为以下几种(类型和各属特征主要按《伯杰氏系统细菌学手册(第1版)》(1984—1989)划分)(该版是《伯杰氏鉴定细菌学手册(第9版)》 的重要依据)。
2.螺旋状或弧状的革兰氏阴性细菌
这类细菌的细胞呈螺旋状或弧状，螺旋圈数为1到多圈。具有典型的细菌鞭毛，营化能有机营养，大多数的种不能利用糖类，有的种可以在含有H₂、CO₂和O₂的混合气体中自养生长，有的可在微氧条件下固氮。螺旋状细菌现在已包括九个属：螺菌属(Spirillum)、水螺菌属 (Aquaspirillum)、海洋螺菌属(Oceanospirillum)、固氮螺菌属(Azospirillum)、草螺菌属 (Herbaspirillum)、弯曲杆菌属(Campylobacter)、螺杆菌属(Helicobacter)、蛭弧菌属(Bdellovibrio)、螺状菌属(Spirosoma)。蛭弧菌属中有一类特别的细菌，称为蛭弧菌，它们可以寄生在另外一些菌体上，利用寄主的细胞质组分作为营养进行生长发育，也可无寄主而生存。
3.革兰氏阴性杆菌和球菌
( 一 )革兰氏阴性细菌
革兰氏阴性细菌是原核生物中种类最多的一大类细菌。细胞形态和排列方式简单，繁殖方式为横向二分分裂，运动的种以自由游动方式进行，营化能有机营养，其生长主要为异养方式，有些种在H₂的环境中可以自养生长。多数为腐生菌，有些为寄生菌。寄生菌中有的是条件致病菌，有的为高度致病菌。其生态分布相当广泛，如分布于水中、土壤、动植物体及人体。革兰氏阴性细菌中的许多种在工业、农业、环境保护、医学上具有重要的应用价值。重要的属种介绍如下。
1.螺旋体

螺旋体菌体细长、弯曲，呈螺旋状，其大小为(0.1～3)μm×(5～250)μm 。这类细菌以前曾被误认为是介于原生动物和细菌之间的一类微生物，其理由是未发现螺旋体的细胞壁。现已证实螺旋体细胞的主体仍然是由细胞质和核区组成，而细胞的外围则裹以细胞膜和细胞壁，形成原生质柱。在螺旋状的原生质柱外缠绕着周质鞭毛(periplasmic flagella)，也称轴丝，轴丝与原生质柱再由3层膜包围，称为外鞘(图2-27)。每个细胞具有2～100条或以上的周质鞭毛，使菌体在液体环境中可游动或沿纵轴旋转和屈曲运动。在固体基质上可爬行或蠕动。根据形态、生理特性、致病性和生态环境，螺旋体分为六个属：脊螺旋体属(Cristispira) 、 螺旋体属(Spirochaeta) 、密螺旋体属 (Treponema)、疏螺旋体属(Borrelia)、钩端螺旋体属(Leptospira)、纤线菌属(Leptospira)。螺旋体在系统发育上形成一个独特的细菌系。
以上是有关于问题的参考资料，请根据上面的资料回答问题：请简述细菌的群体形态
2024-05-26 20:19:35,203 - urllib3.connectionpool - DEBUG - Starting new HTTP connection (1): localhost:10004
2024-05-26 20:19:54,373 - urllib3.connectionpool - DEBUG - http://localhost:10004 "POST /api/generate HTTP/1.1" 200 None
